{"C:\\Users\\sagar\\OneDrive\\Documents\\apps and websites\\hamro-saath,-safa-nepal-v3\\imageUtils.ts": {"path":"C:\\Users\\sagar\\OneDrive\\Documents\\apps and websites\\hamro-saath,-safa-nepal-v3\\imageUtils.ts","statementMap":{"0":{"start":{"line":8,"column":14},"end":{"line":8,"column":null}},"1":{"start":{"line":9,"column":15},"end":{"line":9,"column":null}},"2":{"start":{"line":10,"column":2},"end":{"line":10,"column":null}},"3":{"start":{"line":19,"column":2},"end":{"line":42,"column":null}},"4":{"start":{"line":20,"column":16},"end":{"line":20,"column":null}},"5":{"start":{"line":21,"column":4},"end":{"line":37,"column":null}},"6":{"start":{"line":22,"column":21},"end":{"line":22,"column":null}},"7":{"start":{"line":23,"column":18},"end":{"line":23,"column":null}},"8":{"start":{"line":24,"column":6},"end":{"line":26,"column":null}},"9":{"start":{"line":25,"column":8},"end":{"line":25,"column":null}},"10":{"start":{"line":28,"column":6},"end":{"line":28,"column":null}},"11":{"start":{"line":29,"column":6},"end":{"line":29,"column":null}},"12":{"start":{"line":32,"column":6},"end":{"line":32,"column":null}},"13":{"start":{"line":34,"column":6},"end":{"line":34,"column":null}},"14":{"start":{"line":36,"column":6},"end":{"line":36,"column":null}},"15":{"start":{"line":38,"column":4},"end":{"line":40,"column":null}},"16":{"start":{"line":39,"column":6},"end":{"line":39,"column":null}},"17":{"start":{"line":41,"column":4},"end":{"line":41,"column":null}}},"fnMap":{"0":{"name":"dataUrlToFile","decl":{"start":{"line":7,"column":22},"end":{"line":7,"column":36}},"loc":{"start":{"line":7,"column":86},"end":{"line":11,"column":null}},"line":7},"1":{"name":"enhanceImage","decl":{"start":{"line":18,"column":16},"end":{"line":18,"column":29}},"loc":{"start":{"line":18,"column":63},"end":{"line":43,"column":null}},"line":18},"2":{"name":"(anonymous_2)","decl":{"start":{"line":19,"column":21},"end":{"line":19,"column":22}},"loc":{"start":{"line":19,"column":42},"end":{"line":42,"column":3}},"line":19},"3":{"name":"(anonymous_3)","decl":{"start":{"line":21,"column":17},"end":{"line":21,"column":23}},"loc":{"start":{"line":21,"column":23},"end":{"line":37,"column":null}},"line":21},"4":{"name":"(anonymous_4)","decl":{"start":{"line":38,"column":18},"end":{"line":38,"column":25}},"loc":{"start":{"line":38,"column":25},"end":{"line":40,"column":null}},"line":38}},"branchMap":{"0":{"loc":{"start":{"line":24,"column":6},"end":{"line":26,"column":null}},"type":"if","locations":[{"start":{"line":24,"column":6},"end":{"line":26,"column":null}},{"start":{},"end":{}}],"line":24}},"s":{"0":3,"1":2,"2":2,"3":3,"4":3,"5":3,"6":2,"7":2,"8":2,"9":1,"10":1,"11":1,"12":1,"13":1,"14":1,"15":3,"16":1,"17":3},"f":{"0":3,"1":3,"2":3,"3":2,"4":1},"b":{"0":[1,1]},"meta":{"lastBranch":1,"lastFunction":5,"lastStatement":18,"seen":{"f:7:22:7:36":0,"s:8:14:8:Infinity":0,"s:9:15:9:Infinity":1,"s:10:2:10:Infinity":2,"f:18:16:18:29":1,"s:19:2:42:Infinity":3,"f:19:21:19:22":2,"s:20:16:20:Infinity":4,"s:21:4:37:Infinity":5,"f:21:17:21:23":3,"s:22:21:22:Infinity":6,"s:23:18:23:Infinity":7,"b:24:6:26:Infinity:undefined:undefined:undefined:undefined":0,"s:24:6:26:Infinity":8,"s:25:8:25:Infinity":9,"s:28:6:28:Infinity":10,"s:29:6:29:Infinity":11,"s:32:6:32:Infinity":12,"s:34:6:34:Infinity":13,"s:36:6:36:Infinity":14,"s:38:4:40:Infinity":15,"f:38:18:38:25":4,"s:39:6:39:Infinity":16,"s:41:4:41:Infinity":17}}}
,"C:\\Users\\sagar\\OneDrive\\Documents\\apps and websites\\hamro-saath,-safa-nepal-v3\\components\\ErrorBoundary.tsx": {"path":"C:\\Users\\sagar\\OneDrive\\Documents\\apps and websites\\hamro-saath,-safa-nepal-v3\\components\\ErrorBoundary.tsx","statementMap":{"0":{"start":{"line":15,"column":4},"end":{"line":15,"column":null}},"1":{"start":{"line":16,"column":4},"end":{"line":16,"column":null}},"2":{"start":{"line":20,"column":4},"end":{"line":20,"column":null}},"3":{"start":{"line":24,"column":4},"end":{"line":24,"column":null}},"4":{"start":{"line":28,"column":4},"end":{"line":72,"column":null}},"5":{"start":{"line":29,"column":6},"end":{"line":31,"column":null}},"6":{"start":{"line":30,"column":8},"end":{"line":30,"column":null}},"7":{"start":{"line":33,"column":6},"end":{"line":70,"column":null}},"8":{"start":{"line":59,"column":29},"end":{"line":59,"column":null}},"9":{"start":{"line":74,"column":4},"end":{"line":74,"column":null}}},"fnMap":{"0":{"name":"(anonymous_0)","decl":{"start":{"line":14,"column":2},"end":{"line":14,"column":14}},"loc":{"start":{"line":14,"column":28},"end":{"line":17,"column":null}},"line":14},"1":{"name":"(anonymous_1)","decl":{"start":{"line":19,"column":9},"end":{"line":19,"column":34}},"loc":{"start":{"line":19,"column":55},"end":{"line":21,"column":null}},"line":19},"2":{"name":"(anonymous_2)","decl":{"start":{"line":23,"column":2},"end":{"line":23,"column":20}},"loc":{"start":{"line":23,"column":56},"end":{"line":25,"column":null}},"line":23},"3":{"name":"(anonymous_3)","decl":{"start":{"line":27,"column":2},"end":{"line":27,"column":11}},"loc":{"start":{"line":27,"column":11},"end":{"line":75,"column":null}},"line":27},"4":{"name":"(anonymous_4)","decl":{"start":{"line":59,"column":23},"end":{"line":59,"column":29}},"loc":{"start":{"line":59,"column":29},"end":{"line":59,"column":null}},"line":59}},"branchMap":{"0":{"loc":{"start":{"line":28,"column":4},"end":{"line":72,"column":null}},"type":"if","locations":[{"start":{"line":28,"column":4},"end":{"line":72,"column":null}},{"start":{},"end":{}}],"line":28},"1":{"loc":{"start":{"line":29,"column":6},"end":{"line":31,"column":null}},"type":"if","locations":[{"start":{"line":29,"column":6},"end":{"line":31,"column":null}},{"start":{},"end":{}}],"line":29},"2":{"loc":{"start":{"line":64,"column":13},"end":{"line":67,"column":null}},"type":"binary-expr","locations":[{"start":{"line":64,"column":13},"end":{"line":64,"column":55}},{"start":{"line":64,"column":55},"end":{"line":64,"column":null}},{"start":{"line":65,"column":14},"end":{"line":67,"column":null}}],"line":64}},"s":{"0":10,"1":10,"2":8,"3":4,"4":17,"5":8,"6":2,"7":6,"8":1,"9":9},"f":{"0":10,"1":1,"2":4,"3":17,"4":1},"b":{"0":[8,9],"1":[2,6],"2":[6,0,0]},"meta":{"lastBranch":3,"lastFunction":5,"lastStatement":10,"seen":{"f:14:2:14:14":0,"s:15:4:15:Infinity":0,"s:16:4:16:Infinity":1,"f:19:9:19:34":1,"s:20:4:20:Infinity":2,"f:23:2:23:20":2,"s:24:4:24:Infinity":3,"f:27:2:27:11":3,"b:28:4:72:Infinity:undefined:undefined:undefined:undefined":0,"s:28:4:72:Infinity":4,"b:29:6:31:Infinity:undefined:undefined:undefined:undefined":1,"s:29:6:31:Infinity":5,"s:30:8:30:Infinity":6,"s:33:6:70:Infinity":7,"f:59:23:59:29":4,"s:59:29:59:Infinity":8,"b:64:13:64:55:64:55:64:Infinity:65:14:67:Infinity":2,"s:74:4:74:Infinity":9}}}
,"C:\\Users\\sagar\\OneDrive\\Documents\\apps and websites\\hamro-saath,-safa-nepal-v3\\components\\Icons.tsx": {"path":"C:\\Users\\sagar\\OneDrive\\Documents\\apps and websites\\hamro-saath,-safa-nepal-v3\\components\\Icons.tsx","statementMap":{"0":{"start":{"line":3,"column":18},"end":{"line":3,"column":null}},"1":{"start":{"line":4,"column":23},"end":{"line":4,"column":null}},"2":{"start":{"line":7,"column":58},"end":{"line":29,"column":null}},"3":{"start":{"line":8,"column":2},"end":{"line":29,"column":null}},"4":{"start":{"line":31,"column":60},"end":{"line":63,"column":null}},"5":{"start":{"line":32,"column":2},"end":{"line":63,"column":null}},"6":{"start":{"line":65,"column":58},"end":{"line":81,"column":null}},"7":{"start":{"line":66,"column":2},"end":{"line":81,"column":null}},"8":{"start":{"line":83,"column":63},"end":{"line":106,"column":null}},"9":{"start":{"line":84,"column":2},"end":{"line":106,"column":null}},"10":{"start":{"line":108,"column":62},"end":{"line":123,"column":null}},"11":{"start":{"line":109,"column":2},"end":{"line":123,"column":null}},"12":{"start":{"line":125,"column":59},"end":{"line":140,"column":null}},"13":{"start":{"line":126,"column":2},"end":{"line":140,"column":null}},"14":{"start":{"line":142,"column":64},"end":{"line":155,"column":null}},"15":{"start":{"line":143,"column":2},"end":{"line":155,"column":null}},"16":{"start":{"line":157,"column":64},"end":{"line":169,"column":null}},"17":{"start":{"line":158,"column":2},"end":{"line":169,"column":null}},"18":{"start":{"line":171,"column":58},"end":{"line":181,"column":null}},"19":{"start":{"line":172,"column":2},"end":{"line":181,"column":null}},"20":{"start":{"line":183,"column":59},"end":{"line":193,"column":null}},"21":{"start":{"line":184,"column":2},"end":{"line":193,"column":null}},"22":{"start":{"line":197,"column":62},"end":{"line":208,"column":null}},"23":{"start":{"line":198,"column":2},"end":{"line":208,"column":null}},"24":{"start":{"line":210,"column":59},"end":{"line":232,"column":null}},"25":{"start":{"line":211,"column":2},"end":{"line":232,"column":null}},"26":{"start":{"line":234,"column":60},"end":{"line":246,"column":null}},"27":{"start":{"line":235,"column":2},"end":{"line":246,"column":null}},"28":{"start":{"line":248,"column":62},"end":{"line":265,"column":null}},"29":{"start":{"line":249,"column":2},"end":{"line":265,"column":null}},"30":{"start":{"line":267,"column":64},"end":{"line":281,"column":null}},"31":{"start":{"line":268,"column":2},"end":{"line":281,"column":null}},"32":{"start":{"line":283,"column":58},"end":{"line":304,"column":null}},"33":{"start":{"line":284,"column":2},"end":{"line":304,"column":null}},"34":{"start":{"line":306,"column":58},"end":{"line":331,"column":null}},"35":{"start":{"line":307,"column":2},"end":{"line":331,"column":null}},"36":{"start":{"line":333,"column":60},"end":{"line":379,"column":null}},"37":{"start":{"line":334,"column":2},"end":{"line":379,"column":null}},"38":{"start":{"line":381,"column":65},"end":{"line":393,"column":null}},"39":{"start":{"line":382,"column":2},"end":{"line":393,"column":null}},"40":{"start":{"line":397,"column":65},"end":{"line":415,"column":null}},"41":{"start":{"line":398,"column":2},"end":{"line":415,"column":null}},"42":{"start":{"line":417,"column":59},"end":{"line":438,"column":null}},"43":{"start":{"line":418,"column":2},"end":{"line":438,"column":null}},"44":{"start":{"line":440,"column":63},"end":{"line":457,"column":null}},"45":{"start":{"line":441,"column":2},"end":{"line":457,"column":null}},"46":{"start":{"line":459,"column":61},"end":{"line":469,"column":null}},"47":{"start":{"line":460,"column":2},"end":{"line":469,"column":null}},"48":{"start":{"line":471,"column":59},"end":{"line":497,"column":null}},"49":{"start":{"line":472,"column":2},"end":{"line":497,"column":null}},"50":{"start":{"line":499,"column":64},"end":{"line":526,"column":null}},"51":{"start":{"line":500,"column":2},"end":{"line":526,"column":null}},"52":{"start":{"line":530,"column":63},"end":{"line":545,"column":null}},"53":{"start":{"line":531,"column":2},"end":{"line":545,"column":null}},"54":{"start":{"line":547,"column":65},"end":{"line":563,"column":null}},"55":{"start":{"line":548,"column":2},"end":{"line":563,"column":null}},"56":{"start":{"line":565,"column":59},"end":{"line":579,"column":null}},"57":{"start":{"line":566,"column":2},"end":{"line":579,"column":null}},"58":{"start":{"line":581,"column":64},"end":{"line":595,"column":null}},"59":{"start":{"line":582,"column":2},"end":{"line":595,"column":null}},"60":{"start":{"line":597,"column":58},"end":{"line":611,"column":null}},"61":{"start":{"line":598,"column":2},"end":{"line":611,"column":null}},"62":{"start":{"line":613,"column":63},"end":{"line":625,"column":null}},"63":{"start":{"line":614,"column":2},"end":{"line":625,"column":null}},"64":{"start":{"line":627,"column":65},"end":{"line":641,"column":null}},"65":{"start":{"line":628,"column":2},"end":{"line":641,"column":null}},"66":{"start":{"line":643,"column":62},"end":{"line":657,"column":null}},"67":{"start":{"line":644,"column":2},"end":{"line":657,"column":null}},"68":{"start":{"line":659,"column":59},"end":{"line":674,"column":null}},"69":{"start":{"line":660,"column":2},"end":{"line":674,"column":null}},"70":{"start":{"line":676,"column":63},"end":{"line":690,"column":null}},"71":{"start":{"line":677,"column":2},"end":{"line":690,"column":null}},"72":{"start":{"line":692,"column":62},"end":{"line":712,"column":null}},"73":{"start":{"line":693,"column":2},"end":{"line":712,"column":null}},"74":{"start":{"line":714,"column":62},"end":{"line":733,"column":null}},"75":{"start":{"line":715,"column":2},"end":{"line":733,"column":null}},"76":{"start":{"line":735,"column":64},"end":{"line":749,"column":null}},"77":{"start":{"line":736,"column":2},"end":{"line":749,"column":null}},"78":{"start":{"line":751,"column":58},"end":{"line":765,"column":null}},"79":{"start":{"line":752,"column":2},"end":{"line":765,"column":null}},"80":{"start":{"line":767,"column":61},"end":{"line":779,"column":null}},"81":{"start":{"line":768,"column":2},"end":{"line":779,"column":null}},"82":{"start":{"line":781,"column":66},"end":{"line":795,"column":null}},"83":{"start":{"line":782,"column":2},"end":{"line":795,"column":null}},"84":{"start":{"line":797,"column":62},"end":{"line":811,"column":null}},"85":{"start":{"line":798,"column":2},"end":{"line":811,"column":null}},"86":{"start":{"line":813,"column":60},"end":{"line":827,"column":null}},"87":{"start":{"line":814,"column":2},"end":{"line":827,"column":null}},"88":{"start":{"line":829,"column":67},"end":{"line":843,"column":null}},"89":{"start":{"line":830,"column":2},"end":{"line":843,"column":null}},"90":{"start":{"line":845,"column":59},"end":{"line":859,"column":null}},"91":{"start":{"line":846,"column":2},"end":{"line":859,"column":null}},"92":{"start":{"line":861,"column":62},"end":{"line":875,"column":null}},"93":{"start":{"line":862,"column":2},"end":{"line":875,"column":null}},"94":{"start":{"line":877,"column":61},"end":{"line":891,"column":null}},"95":{"start":{"line":878,"column":2},"end":{"line":891,"column":null}},"96":{"start":{"line":893,"column":59},"end":{"line":907,"column":null}},"97":{"start":{"line":894,"column":2},"end":{"line":907,"column":null}},"98":{"start":{"line":909,"column":59},"end":{"line":924,"column":null}},"99":{"start":{"line":910,"column":2},"end":{"line":924,"column":null}},"100":{"start":{"line":926,"column":64},"end":{"line":940,"column":null}},"101":{"start":{"line":927,"column":2},"end":{"line":940,"column":null}},"102":{"start":{"line":942,"column":65},"end":{"line":952,"column":null}},"103":{"start":{"line":943,"column":2},"end":{"line":952,"column":null}},"104":{"start":{"line":954,"column":67},"end":{"line":964,"column":null}},"105":{"start":{"line":955,"column":2},"end":{"line":964,"column":null}},"106":{"start":{"line":966,"column":63},"end":{"line":980,"column":null}},"107":{"start":{"line":967,"column":2},"end":{"line":980,"column":null}},"108":{"start":{"line":982,"column":62},"end":{"line":996,"column":null}},"109":{"start":{"line":983,"column":2},"end":{"line":996,"column":null}},"110":{"start":{"line":998,"column":57},"end":{"line":1027,"column":null}},"111":{"start":{"line":999,"column":2},"end":{"line":1027,"column":null}},"112":{"start":{"line":1029,"column":62},"end":{"line":1043,"column":null}},"113":{"start":{"line":1030,"column":2},"end":{"line":1043,"column":null}},"114":{"start":{"line":1045,"column":63},"end":{"line":1061,"column":null}},"115":{"start":{"line":1046,"column":2},"end":{"line":1061,"column":null}},"116":{"start":{"line":1063,"column":60},"end":{"line":1064,"column":null}},"117":{"start":{"line":1064,"column":2},"end":{"line":1064,"column":null}}},"fnMap":{"0":{"name":"(anonymous_0)","decl":{"start":{"line":7,"column":58},"end":{"line":7,"column":59}},"loc":{"start":{"line":8,"column":2},"end":{"line":29,"column":null}},"line":8},"1":{"name":"(anonymous_1)","decl":{"start":{"line":31,"column":60},"end":{"line":31,"column":61}},"loc":{"start":{"line":32,"column":2},"end":{"line":63,"column":null}},"line":32},"2":{"name":"(anonymous_2)","decl":{"start":{"line":65,"column":58},"end":{"line":65,"column":59}},"loc":{"start":{"line":66,"column":2},"end":{"line":81,"column":null}},"line":66},"3":{"name":"(anonymous_3)","decl":{"start":{"line":83,"column":63},"end":{"line":83,"column":64}},"loc":{"start":{"line":84,"column":2},"end":{"line":106,"column":null}},"line":84},"4":{"name":"(anonymous_4)","decl":{"start":{"line":108,"column":62},"end":{"line":108,"column":63}},"loc":{"start":{"line":109,"column":2},"end":{"line":123,"column":null}},"line":109},"5":{"name":"(anonymous_5)","decl":{"start":{"line":125,"column":59},"end":{"line":125,"column":60}},"loc":{"start":{"line":126,"column":2},"end":{"line":140,"column":null}},"line":126},"6":{"name":"(anonymous_6)","decl":{"start":{"line":142,"column":64},"end":{"line":142,"column":65}},"loc":{"start":{"line":143,"column":2},"end":{"line":155,"column":null}},"line":143},"7":{"name":"(anonymous_7)","decl":{"start":{"line":157,"column":64},"end":{"line":157,"column":65}},"loc":{"start":{"line":158,"column":2},"end":{"line":169,"column":null}},"line":158},"8":{"name":"(anonymous_8)","decl":{"start":{"line":171,"column":58},"end":{"line":171,"column":59}},"loc":{"start":{"line":172,"column":2},"end":{"line":181,"column":null}},"line":172},"9":{"name":"(anonymous_9)","decl":{"start":{"line":183,"column":59},"end":{"line":183,"column":60}},"loc":{"start":{"line":184,"column":2},"end":{"line":193,"column":null}},"line":184},"10":{"name":"(anonymous_10)","decl":{"start":{"line":197,"column":62},"end":{"line":197,"column":63}},"loc":{"start":{"line":198,"column":2},"end":{"line":208,"column":null}},"line":198},"11":{"name":"(anonymous_11)","decl":{"start":{"line":210,"column":59},"end":{"line":210,"column":60}},"loc":{"start":{"line":211,"column":2},"end":{"line":232,"column":null}},"line":211},"12":{"name":"(anonymous_12)","decl":{"start":{"line":234,"column":60},"end":{"line":234,"column":61}},"loc":{"start":{"line":235,"column":2},"end":{"line":246,"column":null}},"line":235},"13":{"name":"(anonymous_13)","decl":{"start":{"line":248,"column":62},"end":{"line":248,"column":63}},"loc":{"start":{"line":249,"column":2},"end":{"line":265,"column":null}},"line":249},"14":{"name":"(anonymous_14)","decl":{"start":{"line":267,"column":64},"end":{"line":267,"column":65}},"loc":{"start":{"line":268,"column":2},"end":{"line":281,"column":null}},"line":268},"15":{"name":"(anonymous_15)","decl":{"start":{"line":283,"column":58},"end":{"line":283,"column":59}},"loc":{"start":{"line":284,"column":2},"end":{"line":304,"column":null}},"line":284},"16":{"name":"(anonymous_16)","decl":{"start":{"line":306,"column":58},"end":{"line":306,"column":59}},"loc":{"start":{"line":307,"column":2},"end":{"line":331,"column":null}},"line":307},"17":{"name":"(anonymous_17)","decl":{"start":{"line":333,"column":60},"end":{"line":333,"column":61}},"loc":{"start":{"line":334,"column":2},"end":{"line":379,"column":null}},"line":334},"18":{"name":"(anonymous_18)","decl":{"start":{"line":381,"column":65},"end":{"line":381,"column":66}},"loc":{"start":{"line":382,"column":2},"end":{"line":393,"column":null}},"line":382},"19":{"name":"(anonymous_19)","decl":{"start":{"line":397,"column":65},"end":{"line":397,"column":66}},"loc":{"start":{"line":398,"column":2},"end":{"line":415,"column":null}},"line":398},"20":{"name":"(anonymous_20)","decl":{"start":{"line":417,"column":59},"end":{"line":417,"column":60}},"loc":{"start":{"line":418,"column":2},"end":{"line":438,"column":null}},"line":418},"21":{"name":"(anonymous_21)","decl":{"start":{"line":440,"column":63},"end":{"line":440,"column":64}},"loc":{"start":{"line":441,"column":2},"end":{"line":457,"column":null}},"line":441},"22":{"name":"(anonymous_22)","decl":{"start":{"line":459,"column":61},"end":{"line":459,"column":62}},"loc":{"start":{"line":460,"column":2},"end":{"line":469,"column":null}},"line":460},"23":{"name":"(anonymous_23)","decl":{"start":{"line":471,"column":59},"end":{"line":471,"column":60}},"loc":{"start":{"line":472,"column":2},"end":{"line":497,"column":null}},"line":472},"24":{"name":"(anonymous_24)","decl":{"start":{"line":499,"column":64},"end":{"line":499,"column":65}},"loc":{"start":{"line":500,"column":2},"end":{"line":526,"column":null}},"line":500},"25":{"name":"(anonymous_25)","decl":{"start":{"line":530,"column":63},"end":{"line":530,"column":64}},"loc":{"start":{"line":531,"column":2},"end":{"line":545,"column":null}},"line":531},"26":{"name":"(anonymous_26)","decl":{"start":{"line":547,"column":65},"end":{"line":547,"column":66}},"loc":{"start":{"line":548,"column":2},"end":{"line":563,"column":null}},"line":548},"27":{"name":"(anonymous_27)","decl":{"start":{"line":565,"column":59},"end":{"line":565,"column":60}},"loc":{"start":{"line":566,"column":2},"end":{"line":579,"column":null}},"line":566},"28":{"name":"(anonymous_28)","decl":{"start":{"line":581,"column":64},"end":{"line":581,"column":65}},"loc":{"start":{"line":582,"column":2},"end":{"line":595,"column":null}},"line":582},"29":{"name":"(anonymous_29)","decl":{"start":{"line":597,"column":58},"end":{"line":597,"column":59}},"loc":{"start":{"line":598,"column":2},"end":{"line":611,"column":null}},"line":598},"30":{"name":"(anonymous_30)","decl":{"start":{"line":613,"column":63},"end":{"line":613,"column":64}},"loc":{"start":{"line":614,"column":2},"end":{"line":625,"column":null}},"line":614},"31":{"name":"(anonymous_31)","decl":{"start":{"line":627,"column":65},"end":{"line":627,"column":66}},"loc":{"start":{"line":628,"column":2},"end":{"line":641,"column":null}},"line":628},"32":{"name":"(anonymous_32)","decl":{"start":{"line":643,"column":62},"end":{"line":643,"column":63}},"loc":{"start":{"line":644,"column":2},"end":{"line":657,"column":null}},"line":644},"33":{"name":"(anonymous_33)","decl":{"start":{"line":659,"column":59},"end":{"line":659,"column":60}},"loc":{"start":{"line":660,"column":2},"end":{"line":674,"column":null}},"line":660},"34":{"name":"(anonymous_34)","decl":{"start":{"line":676,"column":63},"end":{"line":676,"column":64}},"loc":{"start":{"line":677,"column":2},"end":{"line":690,"column":null}},"line":677},"35":{"name":"(anonymous_35)","decl":{"start":{"line":692,"column":62},"end":{"line":692,"column":63}},"loc":{"start":{"line":693,"column":2},"end":{"line":712,"column":null}},"line":693},"36":{"name":"(anonymous_36)","decl":{"start":{"line":714,"column":62},"end":{"line":714,"column":63}},"loc":{"start":{"line":715,"column":2},"end":{"line":733,"column":null}},"line":715},"37":{"name":"(anonymous_37)","decl":{"start":{"line":735,"column":64},"end":{"line":735,"column":65}},"loc":{"start":{"line":736,"column":2},"end":{"line":749,"column":null}},"line":736},"38":{"name":"(anonymous_38)","decl":{"start":{"line":751,"column":58},"end":{"line":751,"column":59}},"loc":{"start":{"line":752,"column":2},"end":{"line":765,"column":null}},"line":752},"39":{"name":"(anonymous_39)","decl":{"start":{"line":767,"column":61},"end":{"line":767,"column":62}},"loc":{"start":{"line":768,"column":2},"end":{"line":779,"column":null}},"line":768},"40":{"name":"(anonymous_40)","decl":{"start":{"line":781,"column":66},"end":{"line":781,"column":67}},"loc":{"start":{"line":782,"column":2},"end":{"line":795,"column":null}},"line":782},"41":{"name":"(anonymous_41)","decl":{"start":{"line":797,"column":62},"end":{"line":797,"column":63}},"loc":{"start":{"line":798,"column":2},"end":{"line":811,"column":null}},"line":798},"42":{"name":"(anonymous_42)","decl":{"start":{"line":813,"column":60},"end":{"line":813,"column":61}},"loc":{"start":{"line":814,"column":2},"end":{"line":827,"column":null}},"line":814},"43":{"name":"(anonymous_43)","decl":{"start":{"line":829,"column":67},"end":{"line":829,"column":68}},"loc":{"start":{"line":830,"column":2},"end":{"line":843,"column":null}},"line":830},"44":{"name":"(anonymous_44)","decl":{"start":{"line":845,"column":59},"end":{"line":845,"column":60}},"loc":{"start":{"line":846,"column":2},"end":{"line":859,"column":null}},"line":846},"45":{"name":"(anonymous_45)","decl":{"start":{"line":861,"column":62},"end":{"line":861,"column":63}},"loc":{"start":{"line":862,"column":2},"end":{"line":875,"column":null}},"line":862},"46":{"name":"(anonymous_46)","decl":{"start":{"line":877,"column":61},"end":{"line":877,"column":62}},"loc":{"start":{"line":878,"column":2},"end":{"line":891,"column":null}},"line":878},"47":{"name":"(anonymous_47)","decl":{"start":{"line":893,"column":59},"end":{"line":893,"column":60}},"loc":{"start":{"line":894,"column":2},"end":{"line":907,"column":null}},"line":894},"48":{"name":"(anonymous_48)","decl":{"start":{"line":909,"column":59},"end":{"line":909,"column":60}},"loc":{"start":{"line":910,"column":2},"end":{"line":924,"column":null}},"line":910},"49":{"name":"(anonymous_49)","decl":{"start":{"line":926,"column":64},"end":{"line":926,"column":65}},"loc":{"start":{"line":927,"column":2},"end":{"line":940,"column":null}},"line":927},"50":{"name":"(anonymous_50)","decl":{"start":{"line":942,"column":65},"end":{"line":942,"column":66}},"loc":{"start":{"line":943,"column":2},"end":{"line":952,"column":null}},"line":943},"51":{"name":"(anonymous_51)","decl":{"start":{"line":954,"column":67},"end":{"line":954,"column":68}},"loc":{"start":{"line":955,"column":2},"end":{"line":964,"column":null}},"line":955},"52":{"name":"(anonymous_52)","decl":{"start":{"line":966,"column":63},"end":{"line":966,"column":64}},"loc":{"start":{"line":967,"column":2},"end":{"line":980,"column":null}},"line":967},"53":{"name":"(anonymous_53)","decl":{"start":{"line":982,"column":62},"end":{"line":982,"column":63}},"loc":{"start":{"line":983,"column":2},"end":{"line":996,"column":null}},"line":983},"54":{"name":"(anonymous_54)","decl":{"start":{"line":998,"column":57},"end":{"line":998,"column":58}},"loc":{"start":{"line":999,"column":2},"end":{"line":1027,"column":null}},"line":999},"55":{"name":"(anonymous_55)","decl":{"start":{"line":1029,"column":62},"end":{"line":1029,"column":63}},"loc":{"start":{"line":1030,"column":2},"end":{"line":1043,"column":null}},"line":1030},"56":{"name":"(anonymous_56)","decl":{"start":{"line":1045,"column":63},"end":{"line":1045,"column":64}},"loc":{"start":{"line":1046,"column":2},"end":{"line":1061,"column":null}},"line":1046},"57":{"name":"(anonymous_57)","decl":{"start":{"line":1063,"column":60},"end":{"line":1063,"column":61}},"loc":{"start":{"line":1064,"column":2},"end":{"line":1064,"column":null}},"line":1064}},"branchMap":{"0":{"loc":{"start":{"line":9,"column":15},"end":{"line":9,"column":null}},"type":"binary-expr","locations":[{"start":{"line":9,"column":15},"end":{"line":9,"column":28}},{"start":{"line":9,"column":28},"end":{"line":9,"column":null}}],"line":9},"1":{"loc":{"start":{"line":33,"column":15},"end":{"line":33,"column":null}},"type":"binary-expr","locations":[{"start":{"line":33,"column":15},"end":{"line":33,"column":28}},{"start":{"line":33,"column":28},"end":{"line":33,"column":null}}],"line":33},"2":{"loc":{"start":{"line":67,"column":15},"end":{"line":67,"column":null}},"type":"binary-expr","locations":[{"start":{"line":67,"column":15},"end":{"line":67,"column":28}},{"start":{"line":67,"column":28},"end":{"line":67,"column":null}}],"line":67},"3":{"loc":{"start":{"line":85,"column":15},"end":{"line":85,"column":null}},"type":"binary-expr","locations":[{"start":{"line":85,"column":15},"end":{"line":85,"column":28}},{"start":{"line":85,"column":28},"end":{"line":85,"column":null}}],"line":85},"4":{"loc":{"start":{"line":110,"column":15},"end":{"line":110,"column":null}},"type":"binary-expr","locations":[{"start":{"line":110,"column":15},"end":{"line":110,"column":28}},{"start":{"line":110,"column":28},"end":{"line":110,"column":null}}],"line":110},"5":{"loc":{"start":{"line":127,"column":15},"end":{"line":127,"column":null}},"type":"binary-expr","locations":[{"start":{"line":127,"column":15},"end":{"line":127,"column":28}},{"start":{"line":127,"column":28},"end":{"line":127,"column":null}}],"line":127},"6":{"loc":{"start":{"line":144,"column":15},"end":{"line":144,"column":null}},"type":"binary-expr","locations":[{"start":{"line":144,"column":15},"end":{"line":144,"column":28}},{"start":{"line":144,"column":28},"end":{"line":144,"column":null}}],"line":144},"7":{"loc":{"start":{"line":159,"column":15},"end":{"line":159,"column":null}},"type":"binary-expr","locations":[{"start":{"line":159,"column":15},"end":{"line":159,"column":28}},{"start":{"line":159,"column":28},"end":{"line":159,"column":null}}],"line":159},"8":{"loc":{"start":{"line":173,"column":15},"end":{"line":173,"column":null}},"type":"binary-expr","locations":[{"start":{"line":173,"column":15},"end":{"line":173,"column":28}},{"start":{"line":173,"column":28},"end":{"line":173,"column":null}}],"line":173},"9":{"loc":{"start":{"line":190,"column":15},"end":{"line":190,"column":null}},"type":"binary-expr","locations":[{"start":{"line":190,"column":15},"end":{"line":190,"column":28}},{"start":{"line":190,"column":28},"end":{"line":190,"column":null}}],"line":190},"10":{"loc":{"start":{"line":199,"column":15},"end":{"line":199,"column":null}},"type":"binary-expr","locations":[{"start":{"line":199,"column":15},"end":{"line":199,"column":28}},{"start":{"line":199,"column":28},"end":{"line":199,"column":null}}],"line":199},"11":{"loc":{"start":{"line":212,"column":15},"end":{"line":212,"column":null}},"type":"binary-expr","locations":[{"start":{"line":212,"column":15},"end":{"line":212,"column":28}},{"start":{"line":212,"column":28},"end":{"line":212,"column":null}}],"line":212},"12":{"loc":{"start":{"line":236,"column":15},"end":{"line":236,"column":null}},"type":"binary-expr","locations":[{"start":{"line":236,"column":15},"end":{"line":236,"column":28}},{"start":{"line":236,"column":28},"end":{"line":236,"column":null}}],"line":236},"13":{"loc":{"start":{"line":250,"column":15},"end":{"line":250,"column":null}},"type":"binary-expr","locations":[{"start":{"line":250,"column":15},"end":{"line":250,"column":28}},{"start":{"line":250,"column":28},"end":{"line":250,"column":null}}],"line":250},"14":{"loc":{"start":{"line":269,"column":15},"end":{"line":269,"column":null}},"type":"binary-expr","locations":[{"start":{"line":269,"column":15},"end":{"line":269,"column":28}},{"start":{"line":269,"column":28},"end":{"line":269,"column":null}}],"line":269},"15":{"loc":{"start":{"line":285,"column":15},"end":{"line":285,"column":null}},"type":"binary-expr","locations":[{"start":{"line":285,"column":15},"end":{"line":285,"column":28}},{"start":{"line":285,"column":28},"end":{"line":285,"column":null}}],"line":285},"16":{"loc":{"start":{"line":308,"column":15},"end":{"line":308,"column":null}},"type":"binary-expr","locations":[{"start":{"line":308,"column":15},"end":{"line":308,"column":28}},{"start":{"line":308,"column":28},"end":{"line":308,"column":null}}],"line":308},"17":{"loc":{"start":{"line":335,"column":15},"end":{"line":335,"column":null}},"type":"binary-expr","locations":[{"start":{"line":335,"column":15},"end":{"line":335,"column":28}},{"start":{"line":335,"column":28},"end":{"line":335,"column":null}}],"line":335},"18":{"loc":{"start":{"line":383,"column":15},"end":{"line":383,"column":null}},"type":"binary-expr","locations":[{"start":{"line":383,"column":15},"end":{"line":383,"column":28}},{"start":{"line":383,"column":28},"end":{"line":383,"column":null}}],"line":383},"19":{"loc":{"start":{"line":399,"column":15},"end":{"line":399,"column":null}},"type":"binary-expr","locations":[{"start":{"line":399,"column":15},"end":{"line":399,"column":28}},{"start":{"line":399,"column":28},"end":{"line":399,"column":null}}],"line":399},"20":{"loc":{"start":{"line":419,"column":15},"end":{"line":419,"column":null}},"type":"binary-expr","locations":[{"start":{"line":419,"column":15},"end":{"line":419,"column":28}},{"start":{"line":419,"column":28},"end":{"line":419,"column":null}}],"line":419},"21":{"loc":{"start":{"line":442,"column":15},"end":{"line":442,"column":null}},"type":"binary-expr","locations":[{"start":{"line":442,"column":15},"end":{"line":442,"column":28}},{"start":{"line":442,"column":28},"end":{"line":442,"column":null}}],"line":442},"22":{"loc":{"start":{"line":461,"column":15},"end":{"line":461,"column":null}},"type":"binary-expr","locations":[{"start":{"line":461,"column":15},"end":{"line":461,"column":28}},{"start":{"line":461,"column":28},"end":{"line":461,"column":null}}],"line":461},"23":{"loc":{"start":{"line":473,"column":15},"end":{"line":473,"column":null}},"type":"binary-expr","locations":[{"start":{"line":473,"column":15},"end":{"line":473,"column":28}},{"start":{"line":473,"column":28},"end":{"line":473,"column":null}}],"line":473},"24":{"loc":{"start":{"line":501,"column":15},"end":{"line":501,"column":null}},"type":"binary-expr","locations":[{"start":{"line":501,"column":15},"end":{"line":501,"column":28}},{"start":{"line":501,"column":28},"end":{"line":501,"column":null}}],"line":501},"25":{"loc":{"start":{"line":532,"column":15},"end":{"line":532,"column":null}},"type":"binary-expr","locations":[{"start":{"line":532,"column":15},"end":{"line":532,"column":28}},{"start":{"line":532,"column":28},"end":{"line":532,"column":null}}],"line":532},"26":{"loc":{"start":{"line":549,"column":15},"end":{"line":549,"column":null}},"type":"binary-expr","locations":[{"start":{"line":549,"column":15},"end":{"line":549,"column":28}},{"start":{"line":549,"column":28},"end":{"line":549,"column":null}}],"line":549},"27":{"loc":{"start":{"line":567,"column":15},"end":{"line":567,"column":null}},"type":"binary-expr","locations":[{"start":{"line":567,"column":15},"end":{"line":567,"column":28}},{"start":{"line":567,"column":28},"end":{"line":567,"column":null}}],"line":567},"28":{"loc":{"start":{"line":583,"column":15},"end":{"line":583,"column":null}},"type":"binary-expr","locations":[{"start":{"line":583,"column":15},"end":{"line":583,"column":28}},{"start":{"line":583,"column":28},"end":{"line":583,"column":null}}],"line":583},"29":{"loc":{"start":{"line":599,"column":15},"end":{"line":599,"column":null}},"type":"binary-expr","locations":[{"start":{"line":599,"column":15},"end":{"line":599,"column":28}},{"start":{"line":599,"column":28},"end":{"line":599,"column":null}}],"line":599},"30":{"loc":{"start":{"line":615,"column":15},"end":{"line":615,"column":null}},"type":"binary-expr","locations":[{"start":{"line":615,"column":15},"end":{"line":615,"column":28}},{"start":{"line":615,"column":28},"end":{"line":615,"column":null}}],"line":615},"31":{"loc":{"start":{"line":629,"column":15},"end":{"line":629,"column":null}},"type":"binary-expr","locations":[{"start":{"line":629,"column":15},"end":{"line":629,"column":28}},{"start":{"line":629,"column":28},"end":{"line":629,"column":null}}],"line":629},"32":{"loc":{"start":{"line":645,"column":15},"end":{"line":645,"column":null}},"type":"binary-expr","locations":[{"start":{"line":645,"column":15},"end":{"line":645,"column":28}},{"start":{"line":645,"column":28},"end":{"line":645,"column":null}}],"line":645},"33":{"loc":{"start":{"line":661,"column":15},"end":{"line":661,"column":null}},"type":"binary-expr","locations":[{"start":{"line":661,"column":15},"end":{"line":661,"column":28}},{"start":{"line":661,"column":28},"end":{"line":661,"column":null}}],"line":661},"34":{"loc":{"start":{"line":678,"column":15},"end":{"line":678,"column":null}},"type":"binary-expr","locations":[{"start":{"line":678,"column":15},"end":{"line":678,"column":28}},{"start":{"line":678,"column":28},"end":{"line":678,"column":null}}],"line":678},"35":{"loc":{"start":{"line":694,"column":15},"end":{"line":694,"column":null}},"type":"binary-expr","locations":[{"start":{"line":694,"column":15},"end":{"line":694,"column":28}},{"start":{"line":694,"column":28},"end":{"line":694,"column":null}}],"line":694},"36":{"loc":{"start":{"line":716,"column":15},"end":{"line":716,"column":null}},"type":"binary-expr","locations":[{"start":{"line":716,"column":15},"end":{"line":716,"column":28}},{"start":{"line":716,"column":28},"end":{"line":716,"column":null}}],"line":716},"37":{"loc":{"start":{"line":737,"column":15},"end":{"line":737,"column":null}},"type":"binary-expr","locations":[{"start":{"line":737,"column":15},"end":{"line":737,"column":28}},{"start":{"line":737,"column":28},"end":{"line":737,"column":null}}],"line":737},"38":{"loc":{"start":{"line":753,"column":15},"end":{"line":753,"column":null}},"type":"binary-expr","locations":[{"start":{"line":753,"column":15},"end":{"line":753,"column":28}},{"start":{"line":753,"column":28},"end":{"line":753,"column":null}}],"line":753},"39":{"loc":{"start":{"line":769,"column":15},"end":{"line":769,"column":null}},"type":"binary-expr","locations":[{"start":{"line":769,"column":15},"end":{"line":769,"column":28}},{"start":{"line":769,"column":28},"end":{"line":769,"column":null}}],"line":769},"40":{"loc":{"start":{"line":783,"column":15},"end":{"line":783,"column":null}},"type":"binary-expr","locations":[{"start":{"line":783,"column":15},"end":{"line":783,"column":28}},{"start":{"line":783,"column":28},"end":{"line":783,"column":null}}],"line":783},"41":{"loc":{"start":{"line":799,"column":15},"end":{"line":799,"column":null}},"type":"binary-expr","locations":[{"start":{"line":799,"column":15},"end":{"line":799,"column":28}},{"start":{"line":799,"column":28},"end":{"line":799,"column":null}}],"line":799},"42":{"loc":{"start":{"line":815,"column":15},"end":{"line":815,"column":null}},"type":"binary-expr","locations":[{"start":{"line":815,"column":15},"end":{"line":815,"column":28}},{"start":{"line":815,"column":28},"end":{"line":815,"column":null}}],"line":815},"43":{"loc":{"start":{"line":831,"column":15},"end":{"line":831,"column":null}},"type":"binary-expr","locations":[{"start":{"line":831,"column":15},"end":{"line":831,"column":28}},{"start":{"line":831,"column":28},"end":{"line":831,"column":null}}],"line":831},"44":{"loc":{"start":{"line":847,"column":15},"end":{"line":847,"column":null}},"type":"binary-expr","locations":[{"start":{"line":847,"column":15},"end":{"line":847,"column":28}},{"start":{"line":847,"column":28},"end":{"line":847,"column":null}}],"line":847},"45":{"loc":{"start":{"line":863,"column":15},"end":{"line":863,"column":null}},"type":"binary-expr","locations":[{"start":{"line":863,"column":15},"end":{"line":863,"column":28}},{"start":{"line":863,"column":28},"end":{"line":863,"column":null}}],"line":863},"46":{"loc":{"start":{"line":879,"column":15},"end":{"line":879,"column":null}},"type":"binary-expr","locations":[{"start":{"line":879,"column":15},"end":{"line":879,"column":28}},{"start":{"line":879,"column":28},"end":{"line":879,"column":null}}],"line":879},"47":{"loc":{"start":{"line":895,"column":15},"end":{"line":895,"column":null}},"type":"binary-expr","locations":[{"start":{"line":895,"column":15},"end":{"line":895,"column":28}},{"start":{"line":895,"column":28},"end":{"line":895,"column":null}}],"line":895},"48":{"loc":{"start":{"line":911,"column":15},"end":{"line":911,"column":null}},"type":"binary-expr","locations":[{"start":{"line":911,"column":15},"end":{"line":911,"column":28}},{"start":{"line":911,"column":28},"end":{"line":911,"column":null}}],"line":911},"49":{"loc":{"start":{"line":928,"column":15},"end":{"line":928,"column":null}},"type":"binary-expr","locations":[{"start":{"line":928,"column":15},"end":{"line":928,"column":28}},{"start":{"line":928,"column":28},"end":{"line":928,"column":null}}],"line":928},"50":{"loc":{"start":{"line":944,"column":15},"end":{"line":944,"column":null}},"type":"binary-expr","locations":[{"start":{"line":944,"column":15},"end":{"line":944,"column":28}},{"start":{"line":944,"column":28},"end":{"line":944,"column":null}}],"line":944},"51":{"loc":{"start":{"line":956,"column":15},"end":{"line":956,"column":null}},"type":"binary-expr","locations":[{"start":{"line":956,"column":15},"end":{"line":956,"column":28}},{"start":{"line":956,"column":28},"end":{"line":956,"column":null}}],"line":956},"52":{"loc":{"start":{"line":968,"column":15},"end":{"line":968,"column":null}},"type":"binary-expr","locations":[{"start":{"line":968,"column":15},"end":{"line":968,"column":28}},{"start":{"line":968,"column":28},"end":{"line":968,"column":null}}],"line":968},"53":{"loc":{"start":{"line":984,"column":15},"end":{"line":984,"column":null}},"type":"binary-expr","locations":[{"start":{"line":984,"column":15},"end":{"line":984,"column":28}},{"start":{"line":984,"column":28},"end":{"line":984,"column":null}}],"line":984},"54":{"loc":{"start":{"line":1000,"column":15},"end":{"line":1000,"column":null}},"type":"binary-expr","locations":[{"start":{"line":1000,"column":15},"end":{"line":1000,"column":28}},{"start":{"line":1000,"column":28},"end":{"line":1000,"column":null}}],"line":1000},"55":{"loc":{"start":{"line":1031,"column":15},"end":{"line":1031,"column":null}},"type":"binary-expr","locations":[{"start":{"line":1031,"column":15},"end":{"line":1031,"column":28}},{"start":{"line":1031,"column":28},"end":{"line":1031,"column":null}}],"line":1031},"56":{"loc":{"start":{"line":1047,"column":15},"end":{"line":1047,"column":null}},"type":"binary-expr","locations":[{"start":{"line":1047,"column":15},"end":{"line":1047,"column":28}},{"start":{"line":1047,"column":28},"end":{"line":1047,"column":null}}],"line":1047}},"s":{"0":1,"1":1,"2":1,"3":0,"4":1,"5":0,"6":1,"7":1,"8":1,"9":0,"10":1,"11":0,"12":1,"13":0,"14":1,"15":0,"16":1,"17":0,"18":1,"19":0,"20":1,"21":0,"22":1,"23":0,"24":1,"25":0,"26":1,"27":0,"28":1,"29":0,"30":1,"31":0,"32":1,"33":0,"34":1,"35":0,"36":1,"37":0,"38":1,"39":0,"40":1,"41":0,"42":1,"43":0,"44":1,"45":0,"46":1,"47":0,"48":1,"49":0,"50":1,"51":0,"52":1,"53":0,"54":1,"55":0,"56":1,"57":0,"58":1,"59":0,"60":1,"61":0,"62":1,"63":0,"64":1,"65":0,"66":1,"67":0,"68":1,"69":0,"70":1,"71":0,"72":1,"73":0,"74":1,"75":0,"76":1,"77":0,"78":1,"79":0,"80":1,"81":0,"82":1,"83":0,"84":1,"85":0,"86":1,"87":0,"88":1,"89":0,"90":1,"91":0,"92":1,"93":0,"94":1,"95":0,"96":1,"97":0,"98":1,"99":0,"100":1,"101":0,"102":1,"103":0,"104":1,"105":0,"106":1,"107":0,"108":1,"109":0,"110":1,"111":0,"112":1,"113":0,"114":1,"115":0,"116":1,"117":0},"f":{"0":0,"1":0,"2":1,"3":0,"4":0,"5":0,"6":0,"7":0,"8":0,"9":0,"10":0,"11":0,"12":0,"13":0,"14":0,"15":0,"16":0,"17":0,"18":0,"19":0,"20":0,"21":0,"22":0,"23":0,"24":0,"25":0,"26":0,"27":0,"28":0,"29":0,"30":0,"31":0,"32":0,"33":0,"34":0,"35":0,"36":0,"37":0,"38":0,"39":0,"40":0,"41":0,"42":0,"43":0,"44":0,"45":0,"46":0,"47":0,"48":0,"49":0,"50":0,"51":0,"52":0,"53":0,"54":0,"55":0,"56":0,"57":0},"b":{"0":[0,0],"1":[0,0],"2":[1,0],"3":[0,0],"4":[0,0],"5":[0,0],"6":[0,0],"7":[0,0],"8":[0,0],"9":[0,0],"10":[0,0],"11":[0,0],"12":[0,0],"13":[0,0],"14":[0,0],"15":[0,0],"16":[0,0],"17":[0,0],"18":[0,0],"19":[0,0],"20":[0,0],"21":[0,0],"22":[0,0],"23":[0,0],"24":[0,0],"25":[0,0],"26":[0,0],"27":[0,0],"28":[0,0],"29":[0,0],"30":[0,0],"31":[0,0],"32":[0,0],"33":[0,0],"34":[0,0],"35":[0,0],"36":[0,0],"37":[0,0],"38":[0,0],"39":[0,0],"40":[0,0],"41":[0,0],"42":[0,0],"43":[0,0],"44":[0,0],"45":[0,0],"46":[0,0],"47":[0,0],"48":[0,0],"49":[0,0],"50":[0,0],"51":[0,0],"52":[0,0],"53":[0,0],"54":[0,0],"55":[0,0],"56":[0,0]},"meta":{"lastBranch":57,"lastFunction":58,"lastStatement":118,"seen":{"s:3:18:3:Infinity":0,"s:4:23:4:Infinity":1,"s:7:58:29:Infinity":2,"f:7:58:7:59":0,"s:8:2:29:Infinity":3,"b:9:15:9:28:9:28:9:Infinity":0,"s:31:60:63:Infinity":4,"f:31:60:31:61":1,"s:32:2:63:Infinity":5,"b:33:15:33:28:33:28:33:Infinity":1,"s:65:58:81:Infinity":6,"f:65:58:65:59":2,"s:66:2:81:Infinity":7,"b:67:15:67:28:67:28:67:Infinity":2,"s:83:63:106:Infinity":8,"f:83:63:83:64":3,"s:84:2:106:Infinity":9,"b:85:15:85:28:85:28:85:Infinity":3,"s:108:62:123:Infinity":10,"f:108:62:108:63":4,"s:109:2:123:Infinity":11,"b:110:15:110:28:110:28:110:Infinity":4,"s:125:59:140:Infinity":12,"f:125:59:125:60":5,"s:126:2:140:Infinity":13,"b:127:15:127:28:127:28:127:Infinity":5,"s:142:64:155:Infinity":14,"f:142:64:142:65":6,"s:143:2:155:Infinity":15,"b:144:15:144:28:144:28:144:Infinity":6,"s:157:64:169:Infinity":16,"f:157:64:157:65":7,"s:158:2:169:Infinity":17,"b:159:15:159:28:159:28:159:Infinity":7,"s:171:58:181:Infinity":18,"f:171:58:171:59":8,"s:172:2:181:Infinity":19,"b:173:15:173:28:173:28:173:Infinity":8,"s:183:59:193:Infinity":20,"f:183:59:183:60":9,"s:184:2:193:Infinity":21,"b:190:15:190:28:190:28:190:Infinity":9,"s:197:62:208:Infinity":22,"f:197:62:197:63":10,"s:198:2:208:Infinity":23,"b:199:15:199:28:199:28:199:Infinity":10,"s:210:59:232:Infinity":24,"f:210:59:210:60":11,"s:211:2:232:Infinity":25,"b:212:15:212:28:212:28:212:Infinity":11,"s:234:60:246:Infinity":26,"f:234:60:234:61":12,"s:235:2:246:Infinity":27,"b:236:15:236:28:236:28:236:Infinity":12,"s:248:62:265:Infinity":28,"f:248:62:248:63":13,"s:249:2:265:Infinity":29,"b:250:15:250:28:250:28:250:Infinity":13,"s:267:64:281:Infinity":30,"f:267:64:267:65":14,"s:268:2:281:Infinity":31,"b:269:15:269:28:269:28:269:Infinity":14,"s:283:58:304:Infinity":32,"f:283:58:283:59":15,"s:284:2:304:Infinity":33,"b:285:15:285:28:285:28:285:Infinity":15,"s:306:58:331:Infinity":34,"f:306:58:306:59":16,"s:307:2:331:Infinity":35,"b:308:15:308:28:308:28:308:Infinity":16,"s:333:60:379:Infinity":36,"f:333:60:333:61":17,"s:334:2:379:Infinity":37,"b:335:15:335:28:335:28:335:Infinity":17,"s:381:65:393:Infinity":38,"f:381:65:381:66":18,"s:382:2:393:Infinity":39,"b:383:15:383:28:383:28:383:Infinity":18,"s:397:65:415:Infinity":40,"f:397:65:397:66":19,"s:398:2:415:Infinity":41,"b:399:15:399:28:399:28:399:Infinity":19,"s:417:59:438:Infinity":42,"f:417:59:417:60":20,"s:418:2:438:Infinity":43,"b:419:15:419:28:419:28:419:Infinity":20,"s:440:63:457:Infinity":44,"f:440:63:440:64":21,"s:441:2:457:Infinity":45,"b:442:15:442:28:442:28:442:Infinity":21,"s:459:61:469:Infinity":46,"f:459:61:459:62":22,"s:460:2:469:Infinity":47,"b:461:15:461:28:461:28:461:Infinity":22,"s:471:59:497:Infinity":48,"f:471:59:471:60":23,"s:472:2:497:Infinity":49,"b:473:15:473:28:473:28:473:Infinity":23,"s:499:64:526:Infinity":50,"f:499:64:499:65":24,"s:500:2:526:Infinity":51,"b:501:15:501:28:501:28:501:Infinity":24,"s:530:63:545:Infinity":52,"f:530:63:530:64":25,"s:531:2:545:Infinity":53,"b:532:15:532:28:532:28:532:Infinity":25,"s:547:65:563:Infinity":54,"f:547:65:547:66":26,"s:548:2:563:Infinity":55,"b:549:15:549:28:549:28:549:Infinity":26,"s:565:59:579:Infinity":56,"f:565:59:565:60":27,"s:566:2:579:Infinity":57,"b:567:15:567:28:567:28:567:Infinity":27,"s:581:64:595:Infinity":58,"f:581:64:581:65":28,"s:582:2:595:Infinity":59,"b:583:15:583:28:583:28:583:Infinity":28,"s:597:58:611:Infinity":60,"f:597:58:597:59":29,"s:598:2:611:Infinity":61,"b:599:15:599:28:599:28:599:Infinity":29,"s:613:63:625:Infinity":62,"f:613:63:613:64":30,"s:614:2:625:Infinity":63,"b:615:15:615:28:615:28:615:Infinity":30,"s:627:65:641:Infinity":64,"f:627:65:627:66":31,"s:628:2:641:Infinity":65,"b:629:15:629:28:629:28:629:Infinity":31,"s:643:62:657:Infinity":66,"f:643:62:643:63":32,"s:644:2:657:Infinity":67,"b:645:15:645:28:645:28:645:Infinity":32,"s:659:59:674:Infinity":68,"f:659:59:659:60":33,"s:660:2:674:Infinity":69,"b:661:15:661:28:661:28:661:Infinity":33,"s:676:63:690:Infinity":70,"f:676:63:676:64":34,"s:677:2:690:Infinity":71,"b:678:15:678:28:678:28:678:Infinity":34,"s:692:62:712:Infinity":72,"f:692:62:692:63":35,"s:693:2:712:Infinity":73,"b:694:15:694:28:694:28:694:Infinity":35,"s:714:62:733:Infinity":74,"f:714:62:714:63":36,"s:715:2:733:Infinity":75,"b:716:15:716:28:716:28:716:Infinity":36,"s:735:64:749:Infinity":76,"f:735:64:735:65":37,"s:736:2:749:Infinity":77,"b:737:15:737:28:737:28:737:Infinity":37,"s:751:58:765:Infinity":78,"f:751:58:751:59":38,"s:752:2:765:Infinity":79,"b:753:15:753:28:753:28:753:Infinity":38,"s:767:61:779:Infinity":80,"f:767:61:767:62":39,"s:768:2:779:Infinity":81,"b:769:15:769:28:769:28:769:Infinity":39,"s:781:66:795:Infinity":82,"f:781:66:781:67":40,"s:782:2:795:Infinity":83,"b:783:15:783:28:783:28:783:Infinity":40,"s:797:62:811:Infinity":84,"f:797:62:797:63":41,"s:798:2:811:Infinity":85,"b:799:15:799:28:799:28:799:Infinity":41,"s:813:60:827:Infinity":86,"f:813:60:813:61":42,"s:814:2:827:Infinity":87,"b:815:15:815:28:815:28:815:Infinity":42,"s:829:67:843:Infinity":88,"f:829:67:829:68":43,"s:830:2:843:Infinity":89,"b:831:15:831:28:831:28:831:Infinity":43,"s:845:59:859:Infinity":90,"f:845:59:845:60":44,"s:846:2:859:Infinity":91,"b:847:15:847:28:847:28:847:Infinity":44,"s:861:62:875:Infinity":92,"f:861:62:861:63":45,"s:862:2:875:Infinity":93,"b:863:15:863:28:863:28:863:Infinity":45,"s:877:61:891:Infinity":94,"f:877:61:877:62":46,"s:878:2:891:Infinity":95,"b:879:15:879:28:879:28:879:Infinity":46,"s:893:59:907:Infinity":96,"f:893:59:893:60":47,"s:894:2:907:Infinity":97,"b:895:15:895:28:895:28:895:Infinity":47,"s:909:59:924:Infinity":98,"f:909:59:909:60":48,"s:910:2:924:Infinity":99,"b:911:15:911:28:911:28:911:Infinity":48,"s:926:64:940:Infinity":100,"f:926:64:926:65":49,"s:927:2:940:Infinity":101,"b:928:15:928:28:928:28:928:Infinity":49,"s:942:65:952:Infinity":102,"f:942:65:942:66":50,"s:943:2:952:Infinity":103,"b:944:15:944:28:944:28:944:Infinity":50,"s:954:67:964:Infinity":104,"f:954:67:954:68":51,"s:955:2:964:Infinity":105,"b:956:15:956:28:956:28:956:Infinity":51,"s:966:63:980:Infinity":106,"f:966:63:966:64":52,"s:967:2:980:Infinity":107,"b:968:15:968:28:968:28:968:Infinity":52,"s:982:62:996:Infinity":108,"f:982:62:982:63":53,"s:983:2:996:Infinity":109,"b:984:15:984:28:984:28:984:Infinity":53,"s:998:57:1027:Infinity":110,"f:998:57:998:58":54,"s:999:2:1027:Infinity":111,"b:1000:15:1000:28:1000:28:1000:Infinity":54,"s:1029:62:1043:Infinity":112,"f:1029:62:1029:63":55,"s:1030:2:1043:Infinity":113,"b:1031:15:1031:28:1031:28:1031:Infinity":55,"s:1045:63:1061:Infinity":114,"f:1045:63:1045:64":56,"s:1046:2:1061:Infinity":115,"b:1047:15:1047:28:1047:28:1047:Infinity":56,"s:1063:60:1064:Infinity":116,"f:1063:60:1063:61":57,"s:1064:2:1064:Infinity":117}}}
,"C:\\Users\\sagar\\OneDrive\\Documents\\apps and websites\\hamro-saath,-safa-nepal-v3\\components\\Toast.tsx": {"path":"C:\\Users\\sagar\\OneDrive\\Documents\\apps and websites\\hamro-saath,-safa-nepal-v3\\components\\Toast.tsx","statementMap":{"0":{"start":{"line":10,"column":36},"end":{"line":72,"column":null}},"1":{"start":{"line":11,"column":32},"end":{"line":11,"column":null}},"2":{"start":{"line":13,"column":2},"end":{"line":29,"column":null}},"3":{"start":{"line":14,"column":4},"end":{"line":27,"column":null}},"4":{"start":{"line":16,"column":24},"end":{"line":16,"column":null}},"5":{"start":{"line":16,"column":41},"end":{"line":16,"column":61}},"6":{"start":{"line":17,"column":24},"end":{"line":21,"column":null}},"7":{"start":{"line":18,"column":8},"end":{"line":18,"column":null}},"8":{"start":{"line":20,"column":8},"end":{"line":20,"column":null}},"9":{"start":{"line":23,"column":6},"end":{"line":26,"column":null}},"10":{"start":{"line":24,"column":8},"end":{"line":24,"column":null}},"11":{"start":{"line":25,"column":8},"end":{"line":25,"column":null}},"12":{"start":{"line":28,"column":4},"end":{"line":28,"column":null}},"13":{"start":{"line":32,"column":2},"end":{"line":37,"column":null}},"14":{"start":{"line":33,"column":4},"end":{"line":36,"column":null}},"15":{"start":{"line":35,"column":6},"end":{"line":35,"column":null}},"16":{"start":{"line":40,"column":4},"end":{"line":60,"column":null}},"17":{"start":{"line":63,"column":2},"end":{"line":70,"column":null}}},"fnMap":{"0":{"name":"(anonymous_0)","decl":{"start":{"line":10,"column":36},"end":{"line":10,"column":37}},"loc":{"start":{"line":10,"column":60},"end":{"line":72,"column":null}},"line":10},"1":{"name":"(anonymous_1)","decl":{"start":{"line":13,"column":12},"end":{"line":13,"column":18}},"loc":{"start":{"line":13,"column":18},"end":{"line":29,"column":5}},"line":13},"2":{"name":"(anonymous_2)","decl":{"start":{"line":16,"column":35},"end":{"line":16,"column":41}},"loc":{"start":{"line":16,"column":41},"end":{"line":16,"column":61}},"line":16},"3":{"name":"(anonymous_3)","decl":{"start":{"line":17,"column":35},"end":{"line":17,"column":41}},"loc":{"start":{"line":17,"column":41},"end":{"line":21,"column":9}},"line":17},"4":{"name":"(anonymous_4)","decl":{"start":{"line":23,"column":13},"end":{"line":23,"column":19}},"loc":{"start":{"line":23,"column":19},"end":{"line":26,"column":null}},"line":23},"5":{"name":"(anonymous_5)","decl":{"start":{"line":32,"column":12},"end":{"line":32,"column":18}},"loc":{"start":{"line":32,"column":18},"end":{"line":37,"column":5}},"line":32}},"branchMap":{"0":{"loc":{"start":{"line":14,"column":4},"end":{"line":27,"column":null}},"type":"if","locations":[{"start":{"line":14,"column":4},"end":{"line":27,"column":null}},{"start":{},"end":{}}],"line":14},"1":{"loc":{"start":{"line":33,"column":4},"end":{"line":36,"column":null}},"type":"if","locations":[{"start":{"line":33,"column":4},"end":{"line":36,"column":null}},{"start":{},"end":{}}],"line":33},"2":{"loc":{"start":{"line":41,"column":122},"end":{"line":41,"column":160}},"type":"cond-expr","locations":[{"start":{"line":41,"column":139},"end":{"line":41,"column":158}},{"start":{"line":41,"column":158},"end":{"line":41,"column":160}}],"line":41},"3":{"loc":{"start":{"line":43,"column":7},"end":{"line":57,"column":null}},"type":"cond-expr","locations":[{"start":{"line":44,"column":8},"end":{"line":44,"column":null}},{"start":{"line":46,"column":8},"end":{"line":57,"column":null}}],"line":43},"4":{"loc":{"start":{"line":66,"column":8},"end":{"line":66,"column":null}},"type":"cond-expr","locations":[{"start":{"line":66,"column":20},"end":{"line":66,"column":50}},{"start":{"line":66,"column":50},"end":{"line":66,"column":null}}],"line":66},"5":{"loc":{"start":{"line":69,"column":7},"end":{"line":69,"column":null}},"type":"binary-expr","locations":[{"start":{"line":69,"column":7},"end":{"line":69,"column":17}},{"start":{"line":69,"column":17},"end":{"line":69,"column":null}}],"line":69},"6":{"loc":{"start":{"line":69,"column":17},"end":{"line":69,"column":null}},"type":"cond-expr","locations":[{"start":{"line":69,"column":33},"end":{"line":69,"column":86}},{"start":{"line":69,"column":86},"end":{"line":69,"column":null}}],"line":69}},"s":{"0":1,"1":11,"2":11,"3":8,"4":7,"5":3,"6":7,"7":2,"8":2,"9":7,"10":7,"11":7,"12":1,"13":11,"14":8,"15":1,"16":11,"17":11},"f":{"0":11,"1":8,"2":3,"3":2,"4":7,"5":8},"b":{"0":[7,1],"1":[1,7],"2":[1,10],"3":[1,10],"4":[2,9],"5":[11,10],"6":[1,9]},"meta":{"lastBranch":7,"lastFunction":6,"lastStatement":18,"seen":{"s:10:36:72:Infinity":0,"f:10:36:10:37":0,"s:11:32:11:Infinity":1,"s:13:2:29:Infinity":2,"f:13:12:13:18":1,"b:14:4:27:Infinity:undefined:undefined:undefined:undefined":0,"s:14:4:27:Infinity":3,"s:16:24:16:Infinity":4,"f:16:35:16:41":2,"s:16:41:16:61":5,"s:17:24:21:Infinity":6,"f:17:35:17:41":3,"s:18:8:18:Infinity":7,"s:20:8:20:Infinity":8,"s:23:6:26:Infinity":9,"f:23:13:23:19":4,"s:24:8:24:Infinity":10,"s:25:8:25:Infinity":11,"s:28:4:28:Infinity":12,"s:32:2:37:Infinity":13,"f:32:12:32:18":5,"b:33:4:36:Infinity:undefined:undefined:undefined:undefined":1,"s:33:4:36:Infinity":14,"s:35:6:35:Infinity":15,"s:40:4:60:Infinity":16,"b:41:139:41:158:41:158:41:160":2,"b:44:8:44:Infinity:46:8:57:Infinity":3,"s:63:2:70:Infinity":17,"b:66:20:66:50:66:50:66:Infinity":4,"b:69:7:69:17:69:17:69:Infinity":5,"b:69:33:69:86:69:86:69:Infinity":6}}}
}
